<?xml version="1.0" encoding="UTF-8"?>
<!-- Generated by org.testng.reporters.JUnitXMLReporter -->
<testsuite ignored="0" hostname="DESKTOP-HT6H0OU" failures="0" tests="10" name="Test" time="0.661" errors="0" timestamp="2026-01-11T15:29:18 IST">
  <testcase classname="test.day3" name="vehicleLoanDesktopLogin" time="0.044"/>
  <testcase classname="test.day3" name="vehicleLoanMobileLogin" time="0.006"/>
  <testcase classname="test.day3" name="vehicleLoanWebLogin" time="0.032"/>
  <testcase classname="test.day2" name="homeLoanDesktopLogin" time="0.016"/>
  <testcase classname="test.day2" name="homeLoanMobileLogin" time="0.021"/>
  <testcase classname="test.day2" name="homeLoanWebLogin" time="0.031"/>
  <testcase classname="test.day1" name="PersonalLoanDesktopLogin" time="0.006"/>
  <testcase classname="test.day1" name="PersonalLoanMobileLogin" time="0.015"/>
  <testcase classname="test.day1" name="PersonalLoanWebLogin" time="0.007"/>
  <testcase classname="test.day1" name="main" time="0.011"/>
</testsuite> <!-- Test -->
