<?xml version="1.0" encoding="UTF-8"?>
<testng-results ignored="0" total="3" passed="3" failed="0" skipped="0">
  <reporter-output>
  </reporter-output>
  <suite started-at="2025-02-14T21:08:16 IST" name="Default suite" finished-at="2025-02-14T21:08:17 IST" duration-ms="188">
    <groups>
    </groups>
    <test started-at="2025-02-14T21:08:16 IST" name="Default test" finished-at="2025-02-14T21:08:17 IST" duration-ms="188">
      <class name="tests.Day2">
        <test-method signature="cat()[pri:0, instance:tests.Day2@1c93084c]" started-at="2025-02-14T21:08:16 IST" name="cat" finished-at="2025-02-14T21:08:17 IST" duration-ms="41" status="PASS">
          <reporter-output>
          </reporter-output>
        </test-method> <!-- cat -->
        <test-method signature="deer()[pri:0, instance:tests.Day2@1c93084c]" started-at="2025-02-14T21:08:17 IST" name="deer" finished-at="2025-02-14T21:08:17 IST" duration-ms="6" status="PASS">
          <reporter-output>
          </reporter-output>
        </test-method> <!-- deer -->
        <test-method signature="dog()[pri:0, instance:tests.Day2@1c93084c]" started-at="2025-02-14T21:08:17 IST" name="dog" finished-at="2025-02-14T21:08:17 IST" duration-ms="8" status="PASS">
          <reporter-output>
          </reporter-output>
        </test-method> <!-- dog -->
      </class> <!-- tests.Day2 -->
    </test> <!-- Default test -->
  </suite> <!-- Default suite -->
</testng-results>
