<?xml version="1.0" encoding="UTF-8"?>
<!-- Generated by org.testng.reporters.JUnitXMLReporter -->
<testsuite ignored="0" hostname="DESKTOP-HT6H0OU" failures="0" tests="10" name="All Type of Loans" time="0.93" errors="0" timestamp="2026-01-11T16:30:23 IST">
  <testcase classname="test.day3" name="vehicleLoanDesktopLogin" time="0.033"/>
  <testcase classname="test.day3" name="vehicleLoanMobileLogin" time="0.012"/>
  <testcase classname="test.day3" name="vehicleLoanWebLogin" time="0.044"/>
  <testcase classname="test.day2" name="homeLoanDesktopLogin" time="0.016"/>
  <testcase classname="test.day2" name="homeLoanMobileLogin" time="0.02"/>
  <testcase classname="test.day2" name="homeLoanWebLogin" time="0.008"/>
  <testcase classname="test.day1" name="PersonalLoanDesktopLogin" time="0.018"/>
  <testcase classname="test.day1" name="PersonalLoanMobileLogin" time="0.012"/>
  <testcase classname="test.day1" name="PersonalLoanWebLogin" time="0.014"/>
  <testcase classname="test.day1" name="main" time="0.014"/>
</testsuite> <!-- All Type of Loans -->
