<?xml version="1.0" encoding="UTF-8"?>
<!-- Generated by org.testng.reporters.JUnitXMLReporter -->
<testsuite ignored="0" hostname="DESKTOP-HT6H0OU" failures="0" tests="2" name="ErrorValidationTest" time="33.299" errors="0" timestamp="2025-11-13T11:38:31 IST">
  <testcase classname="NewFramewrok.firstFramework.ErrorValidation" name="LoginErrorValidation" time="1.95"/>
  <testcase classname="NewFramewrok.firstFramework.ErrorValidation" name="productErrorValidation" time="10.523"/>
</testsuite> <!-- ErrorValidationTest -->
