<?xml version="1.0" encoding="UTF-8"?>
<!-- Generated by org.testng.reporters.JUnitXMLReporter -->
<testsuite ignored="0" hostname="DESKTOP-HT6H0OU" failures="0" tests="2" name="PurchaseTest" time="43.319" errors="0" timestamp="2025-11-13T11:49:06 IST">
  <testcase classname="NewFramewrok.firstFramework.SubmitOrderTest" name="launchApplication" time="6.666"/>
  <testcase classname="NewFramewrok.firstFramework.SubmitOrderTest" name="launchApplication" time="13.845"/>
</testsuite> <!-- PurchaseTest -->
