<?xml version="1.0" encoding="UTF-8"?>
<!-- Generated by org.testng.reporters.JUnitReportReporter -->
<testsuite hostname="DESKTOP-HT6H0OU" failures="0" tests="7" name="testNGBasics.Loans" time="0.118" errors="0" timestamp="2026-05-28T23:51:28 IST" skipped="0">
  <testcase classname="testNGBasics.Loans" name="CarLoanLoginOnBrowser" time="0.012"/>
  <testcase classname="testNGBasics.Loans" name="CarLoanLoginOnDesktop" time="0.008"/>
  <testcase classname="testNGBasics.Loans" name="HomeLoanLoginOnMobile" time="0.019"/>
  <testcase classname="testNGBasics.Loans" name="HomeLoanLoginOnBrowser" time="0.015"/>
  <testcase classname="testNGBasics.Loans" name="CarLoanLoginOnMobile" time="0.011"/>
  <testcase classname="testNGBasics.Loans" name="CarLoanLoginForAllDevices" time="0.035"/>
  <testcase classname="testNGBasics.Loans" name="HomeLoanLoginForAllDevices" time="0.018"/>
</testsuite> <!-- testNGBasics.Loans -->
