<?xml version="1.0" encoding="UTF-8"?>
<!-- Generated by org.testng.reporters.JUnitReportReporter -->
<testsuite hostname="DESKTOP-HT6H0OU" failures="0" tests="3" name="testNGBasics.Loans" time="0.067" errors="0" timestamp="2026-05-28T22:39:23 IST" skipped="0">
  <testcase classname="testNGBasics.Loans" name="HomeLoanLoginOnMobile" time="0.014"/>
  <testcase classname="testNGBasics.Loans" name="HomeLoanLoginOnBrowser" time="0.046"/>
  <testcase classname="testNGBasics.Loans" name="HomeLoanLoginOnDesktop" time="0.007"/>
</testsuite> <!-- testNGBasics.Loans -->
