<?xml version="1.0" encoding="UTF-8"?>
<testng-results ignored="0" total="2" passed="2" failed="0" skipped="0">
  <reporter-output>
  </reporter-output>
  <suite started-at="2026-01-03T16:46:18 IST" name="Default suite" finished-at="2026-01-03T16:47:03 IST" duration-ms="45090">
    <groups>
    </groups>
    <test started-at="2026-01-03T16:46:18 IST" name="Default test" finished-at="2026-01-03T16:47:03 IST" duration-ms="45090">
      <class name="NewFramewrok.firstFramework.ErrorValidation">
        <test-method is-config="true" signature="launchApp()[pri:0, instance:NewFramewrok.firstFramework.ErrorValidation@6771beb3]" started-at="2026-01-03T16:46:19 IST" name="launchApp" finished-at="2026-01-03T16:46:39 IST" duration-ms="20080" status="PASS">
          <reporter-output>
          </reporter-output>
        </test-method> <!-- launchApp -->
        <test-method signature="LoginErrorValidation()[pri:0, instance:NewFramewrok.firstFramework.ErrorValidation@6771beb3]" started-at="2026-01-03T16:46:39 IST" name="LoginErrorValidation" finished-at="2026-01-03T16:46:41 IST" duration-ms="2002" status="PASS">
          <reporter-output>
          </reporter-output>
        </test-method> <!-- LoginErrorValidation -->
        <test-method is-config="true" signature="tearDown()[pri:0, instance:NewFramewrok.firstFramework.ErrorValidation@6771beb3]" started-at="2026-01-03T16:46:41 IST" name="tearDown" finished-at="2026-01-03T16:46:41 IST" duration-ms="624" status="PASS">
          <reporter-output>
          </reporter-output>
        </test-method> <!-- tearDown -->
        <test-method is-config="true" signature="launchApp()[pri:0, instance:NewFramewrok.firstFramework.ErrorValidation@6771beb3]" started-at="2026-01-03T16:46:41 IST" name="launchApp" finished-at="2026-01-03T16:46:49 IST" duration-ms="8096" status="PASS">
          <reporter-output>
          </reporter-output>
        </test-method> <!-- launchApp -->
        <test-method signature="productErrorValidation()[pri:0, instance:NewFramewrok.firstFramework.ErrorValidation@6771beb3]" started-at="2026-01-03T16:46:49 IST" name="productErrorValidation" finished-at="2026-01-03T16:47:03 IST" duration-ms="13452" status="PASS">
          <reporter-output>
          </reporter-output>
        </test-method> <!-- productErrorValidation -->
        <test-method is-config="true" signature="tearDown()[pri:0, instance:NewFramewrok.firstFramework.ErrorValidation@6771beb3]" started-at="2026-01-03T16:47:03 IST" name="tearDown" finished-at="2026-01-03T16:47:03 IST" duration-ms="623" status="PASS">
          <reporter-output>
          </reporter-output>
        </test-method> <!-- tearDown -->
      </class> <!-- NewFramewrok.firstFramework.ErrorValidation -->
    </test> <!-- Default test -->
  </suite> <!-- Default suite -->
</testng-results>
