<?xml version="1.0" encoding="UTF-8"?>
<!-- Generated by org.testng.reporters.JUnitXMLReporter -->
<testsuite ignored="0" hostname="DESKTOP-HT6H0OU" failures="0" tests="2" name="Default test" time="45.09" errors="0" timestamp="2026-01-03T16:47:04 IST">
  <testcase classname="NewFramewrok.firstFramework.ErrorValidation" name="LoginErrorValidation" time="2.002"/>
  <testcase classname="NewFramewrok.firstFramework.ErrorValidation" name="productErrorValidation" time="13.452"/>
</testsuite> <!-- Default test -->
