<?xml version="1.0" encoding="UTF-8"?>
<!-- Generated by org.testng.reporters.JUnitReportReporter -->
<testsuite hostname="DESKTOP-HT6H0OU" failures="0" tests="3" name="NewFramewrok.TestNGPractice.day3" time="0.064" errors="0" timestamp="2026-01-11T15:25:19 IST" skipped="0">
  <testcase classname="NewFramewrok.TestNGPractice.day3" name="vehicleLoanMobileLogin" time="0.010"/>
  <testcase classname="NewFramewrok.TestNGPractice.day3" name="vehicleLoanWebLogin" time="0.007"/>
  <testcase classname="NewFramewrok.TestNGPractice.day3" name="vehicleLoanDesktopLogin" time="0.047"/>
</testsuite> <!-- NewFramewrok.TestNGPractice.day3 -->
