<?xml version="1.0" encoding="UTF-8"?>
<!-- Generated by org.testng.reporters.JUnitReportReporter -->
<testsuite hostname="DESKTOP-HT6H0OU" failures="0" tests="3" name="NewFramewrok.TestNGPractice.day2" time="0.060" errors="0" timestamp="2026-01-11T15:18:16 IST" skipped="0">
  <testcase classname="NewFramewrok.TestNGPractice.day2" name="homeLoanMobileLogin" time="0.008"/>
  <testcase classname="NewFramewrok.TestNGPractice.day2" name="homeLoanWebLogin" time="0.015"/>
  <testcase classname="NewFramewrok.TestNGPractice.day2" name="homeLoanDesktopLogin" time="0.037"/>
</testsuite> <!-- NewFramewrok.TestNGPractice.day2 -->
