<?xml version="1.0" encoding="UTF-8"?>
<!-- Generated by org.testng.reporters.JUnitReportReporter -->
<testsuite hostname="DESKTOP-HT6H0OU" failures="0" tests="3" name="test.day3" time="0.089" errors="0" timestamp="2026-01-11T16:30:24 IST" skipped="0">
  <testcase classname="test.day3" name="vehicleLoanMobileLogin" time="0.012"/>
  <testcase classname="test.day3" name="vehicleLoanWebLogin" time="0.044"/>
  <testcase classname="test.day3" name="vehicleLoanDesktopLogin" time="0.033"/>
</testsuite> <!-- test.day3 -->
