<?xml version="1.0" encoding="UTF-8"?>
<!-- Generated by org.testng.reporters.JUnitReportReporter -->
<testsuite hostname="DESKTOP-HT6H0OU" failures="0" tests="4" name="NewFramewrok.TestNGPractice.day1" time="0.084" errors="0" timestamp="2026-01-11T15:20:34 IST" skipped="0">
  <testcase classname="NewFramewrok.TestNGPractice.day1" name="main" time="0.008"/>
  <testcase classname="NewFramewrok.TestNGPractice.day1" name="PersonalLoanMobileLogin" time="0.014"/>
  <testcase classname="NewFramewrok.TestNGPractice.day1" name="PersonalLoanDesktopLogin" time="0.051"/>
  <testcase classname="NewFramewrok.TestNGPractice.day1" name="PersonalLoanWebLogin" time="0.011"/>
</testsuite> <!-- NewFramewrok.TestNGPractice.day1 -->
