<?xml version="1.0" encoding="UTF-8"?>
<!-- Generated by org.testng.reporters.JUnitReportReporter -->
<testsuite hostname="DESKTOP-HT6H0OU" failures="0" tests="4" name="test.day1" time="0.058" errors="0" timestamp="2026-01-11T16:30:24 IST" skipped="0">
  <testcase classname="test.day1" name="PersonalLoanWebLogin" time="0.014"/>
  <testcase classname="test.day1" name="main" time="0.014"/>
  <testcase classname="test.day1" name="PersonalLoanDesktopLogin" time="0.018"/>
  <testcase classname="test.day1" name="PersonalLoanMobileLogin" time="0.012"/>
</testsuite> <!-- test.day1 -->
