<?xml version="1.0" encoding="UTF-8"?>
<!-- Generated by org.testng.reporters.JUnitReportReporter -->
<testsuite hostname="DESKTOP-HT6H0OU" failures="0" tests="3" name="test.day2" time="0.044" errors="0" timestamp="2026-01-11T16:30:24 IST" skipped="0">
  <testcase classname="test.day2" name="homeLoanDesktopLogin" time="0.016"/>
  <testcase classname="test.day2" name="homeLoanWebLogin" time="0.008"/>
  <testcase classname="test.day2" name="homeLoanMobileLogin" time="0.020"/>
</testsuite> <!-- test.day2 -->
