<?xml version="1.0" encoding="UTF-8"?>
<!-- Generated by org.testng.reporters.JUnitReportReporter -->
<testsuite hostname="DESKTOP-HT6H0OU" failures="0" tests="2" name="NewFramewrok.firstFramework.ErrorValidation" time="44.877" errors="0" timestamp="2026-01-03T16:47:04 IST" skipped="0">
  <testcase classname="NewFramewrok.firstFramework.ErrorValidation" name="productErrorValidation" time="22.172"/>
  <testcase classname="NewFramewrok.firstFramework.ErrorValidation" name="LoginErrorValidation" time="22.705"/>
</testsuite> <!-- NewFramewrok.firstFramework.ErrorValidation -->
