<?xml version="1.0" encoding="UTF-8"?>
<!-- Generated by org.testng.reporters.JUnitReportReporter -->
<testsuite hostname="DESKTOP-HT6H0OU" failures="0" tests="2" name="NewFramewrok.firstFramework.SubmitOrderTest" time="43.102" errors="0" timestamp="2025-11-13T11:49:06 IST" skipped="0">
  <testcase classname="NewFramewrok.firstFramework.SubmitOrderTest" name="launchApplication" time="20.832"/>
  <testcase classname="NewFramewrok.firstFramework.SubmitOrderTest" name="launchApplication" time="22.270"/>
</testsuite> <!-- NewFramewrok.firstFramework.SubmitOrderTest -->
