<?xml version="1.0" encoding="UTF-8"?>
<testng-results ignored="0" total="1" passed="1" failed="0" skipped="0">
  <reporter-output>
  </reporter-output>
  <suite started-at="2025-06-13T19:47:32 IST" name="Default suite" finished-at="2025-06-13T19:47:49 IST" duration-ms="16692">
    <groups>
    </groups>
    <test started-at="2025-06-13T19:47:32 IST" name="Default test" finished-at="2025-06-13T19:47:49 IST" duration-ms="16692">
      <class name="testCases.TC01_AccountRegistration">
        <test-method is-config="true" signature="setUp()[pri:0, instance:testCases.TC01_AccountRegistration@682b2fa]" started-at="2025-06-13T19:47:32 IST" name="setUp" finished-at="2025-06-13T19:47:47 IST" duration-ms="14865" status="PASS">
          <reporter-output>
          </reporter-output>
        </test-method> <!-- setUp -->
        <test-method signature="verify_account_registration()[pri:0, instance:testCases.TC01_AccountRegistration@682b2fa]" started-at="2025-06-13T19:47:47 IST" name="verify_account_registration" finished-at="2025-06-13T19:47:48 IST" duration-ms="671" status="PASS">
          <reporter-output>
          </reporter-output>
        </test-method> <!-- verify_account_registration -->
        <test-method is-config="true" signature="tearDown()[pri:0, instance:testCases.TC01_AccountRegistration@682b2fa]" started-at="2025-06-13T19:47:48 IST" name="tearDown" finished-at="2025-06-13T19:47:49 IST" duration-ms="932" status="PASS">
          <reporter-output>
          </reporter-output>
        </test-method> <!-- tearDown -->
      </class> <!-- testCases.TC01_AccountRegistration -->
    </test> <!-- Default test -->
  </suite> <!-- Default suite -->
</testng-results>
