<?xml version="1.0" encoding="UTF-8"?>
<!-- Generated by org.testng.reporters.JUnitReportReporter -->
<testsuite hostname="DESKTOP-HT6H0OU" failures="0" tests="4" name="tests.Day1" time="0.067" errors="0" timestamp="2025-02-14T21:05:34 IST" skipped="0">
  <testcase classname="tests.Day1" name="cTest" time="0.041"/>
  <system-out/>
  <testcase classname="tests.Day1" name="aTest" time="0.002"/>
  <system-out/>
  <testcase classname="tests.Day1" name="dTest" time="0.010"/>
  <system-out/>
  <testcase classname="tests.Day1" name="bTest" time="0.014"/>
  <system-out/>
</testsuite> <!-- tests.Day1 -->
