<?xml version="1.0" encoding="UTF-8"?>
<!-- Generated by org.testng.reporters.JUnitReportReporter -->
<testsuite hostname="DESKTOP-HT6H0OU" failures="0" tests="3" name="tests.days" time="0.057" errors="0" timestamp="2024-11-29T08:14:02 IST" skipped="0">
  <testcase classname="tests.days" name="APILogin" time="0.040"/>
  <system-out/>
  <testcase classname="tests.days" name="mobileLogin" time="0.009"/>
  <system-out/>
  <testcase classname="tests.days" name="webLogin" time="0.008"/>
  <system-out/>
</testsuite> <!-- tests.days -->
