<?xml version="1.0" encoding="UTF-8"?>
<!-- Generated by org.testng.reporters.JUnitReportReporter -->
<testsuite hostname="DESKTOP-HT6H0OU" failures="0" tests="3" name="tests.Day2" time="0.055" errors="0" timestamp="2025-02-14T21:08:17 IST" skipped="0">
  <testcase classname="tests.Day2" name="deer" time="0.006"/>
  <system-out/>
  <testcase classname="tests.Day2" name="cat" time="0.041"/>
  <system-out/>
  <testcase classname="tests.Day2" name="dog" time="0.008"/>
  <system-out/>
</testsuite> <!-- tests.Day2 -->
