<?xml version="1.0" encoding="UTF-8"?>
<!-- Generated by org.testng.reporters.JUnitXMLReporter -->
<testsuite ignored="0" hostname="DESKTOP-HT6H0OU" failures="0" tests="3" name="Test" time="0.333" errors="0" timestamp="2026-05-28T22:39:22 IST">
  <testcase classname="testNGBasics.Loans" name="HomeLoanLoginOnBrowser" time="0.046"/>
  <testcase classname="testNGBasics.Loans" name="HomeLoanLoginOnDesktop" time="0.007"/>
  <testcase classname="testNGBasics.Loans" name="HomeLoanLoginOnMobile" time="0.014"/>
</testsuite> <!-- Test -->
