<?xml version="1.0" encoding="UTF-8"?>
<!-- Generated by org.testng.reporters.JUnitXMLReporter -->
<testsuite ignored="1" hostname="DESKTOP-HT6H0OU" failures="0" tests="7" name="Test" time="0.444" errors="0" timestamp="2026-05-28T23:51:27 IST">
  <testcase classname="testNGBasics.Loans" name="CarLoanLoginForAllDevices" time="0.035"/>
  <testcase classname="testNGBasics.Loans" name="CarLoanLoginOnBrowser" time="0.012"/>
  <testcase classname="testNGBasics.Loans" name="CarLoanLoginOnDesktop" time="0.008"/>
  <testcase classname="testNGBasics.Loans" name="CarLoanLoginOnMobile" time="0.011"/>
  <testcase classname="testNGBasics.Loans" name="HomeLoanLoginForAllDevices" time="0.018"/>
  <testcase classname="testNGBasics.Loans" name="HomeLoanLoginOnBrowser" time="0.015"/>
  <testcase classname="testNGBasics.Loans" name="HomeLoanLoginOnMobile" time="0.019"/>
  <testcase classname="testNGBasics.Loans" name="HomeLoanLoginOnDesktop" time="0.0">
    <ignored/>
  </testcase> <!-- HomeLoanLoginOnDesktop -->
</testsuite> <!-- Test -->
