<?xml version="1.0" encoding="UTF-8"?>
<!-- Generated by org.testng.reporters.JUnitXMLReporter -->
<testsuite ignored="1" hostname="DESKTOP-HT6H0OU" failures="0" tests="2" name="Car Loan" time="0.613" errors="0" timestamp="2025-01-18T08:19:43 IST">
  <testcase classname="tests.day3" name="APILoginCarLoan" time="0.161"/>
  <testcase classname="tests.day3" name="mobileLoginCarLoan" time="0.108"/>
  <testcase classname="tests.day3" name="webLoginCarLoan" time="0.0">
    <ignored/>
  </testcase> <!-- webLoginCarLoan -->
</testsuite> <!-- Car Loan -->
