<?xml version="1.0" encoding="UTF-8"?>
<!-- Generated by org.testng.reporters.JUnitXMLReporter -->
<testsuite ignored="0" hostname="DESKTOP-HT6H0OU" failures="0" tests="6" name="CasualTests" time="1.044" errors="0" timestamp="2025-01-18T08:19:43 IST">
  <testcase classname="tests.day2" name="APILoginHomeLoan" time="0.162"/>
  <testcase classname="tests.day2" name="mobileLoginHomeLoan" time="0.055"/>
  <testcase classname="tests.day2" name="webLoginHomeLoan" time="0.064"/>
  <testcase classname="tests.day1" name="bye" time="0.03"/>
  <testcase classname="tests.day1" name="good" time="0.016"/>
  <testcase classname="tests.day1" name="hello" time="0.028"/>
</testsuite> <!-- CasualTests -->
