<?xml version="1.0" encoding="UTF-8"?>
<!-- Generated by org.testng.reporters.JUnitXMLReporter -->
<testsuite ignored="2" hostname="DESKTOP-HT6H0OU" failures="0" tests="1" name="Persnol Loan" time="0.53" errors="0" timestamp="2025-01-18T08:19:43 IST">
  <testcase classname="tests.day4" name="APILoginPersonalLoan" time="0.15"/>
  <testcase classname="tests.day4" name="mobileLoginPersonalLoan" time="0.0">
    <ignored/>
  </testcase> <!-- mobileLoginPersonalLoan -->
  <testcase classname="tests.day4" name="webLoginPersonalLoan" time="0.0">
    <ignored/>
  </testcase> <!-- webLoginPersonalLoan -->
</testsuite> <!-- Persnol Loan -->
