<?xml version="1.0" encoding="UTF-8"?>
<!-- Generated by org.testng.reporters.JUnitXMLReporter -->
<testsuite ignored="0" hostname="DESKTOP-HT6H0OU" failures="0" tests="6" name="Test" time="0.424" errors="0" timestamp="2024-11-29T08:09:09 IST">
  <testcase classname="tests.days" name="APILogin" time="0.044"/>
  <testcase classname="tests.days" name="mobileLogin" time="0.021"/>
  <testcase classname="tests.days" name="webLogin" time="0.014"/>
  <testcase classname="tests.day1" name="bye" time="0.011"/>
  <testcase classname="tests.day1" name="good" time="0.029"/>
  <testcase classname="tests.day1" name="hello" time="0.016"/>
</testsuite> <!-- Test -->
