<?xml version="1.0" encoding="UTF-8"?>
<!-- Generated by org.testng.reporters.JUnitXMLReporter -->
<testsuite ignored="0" hostname="DESKTOP-HT6H0OU" failures="0" tests="3" name="Default test" time="0.336" errors="0" timestamp="2026-05-28T22:36:03 IST">
  <testcase classname="testNGBasics.Loans" name="HomeLoanLoginOnBrowser" time="0.05"/>
  <testcase classname="testNGBasics.Loans" name="HomeLoanLoginOnDesktop" time="0.028"/>
  <testcase classname="testNGBasics.Loans" name="HomeLoanLoginOnMobile" time="0.008"/>
</testsuite> <!-- Default test -->
