<?xml version="1.0" encoding="UTF-8"?>
<testng-results ignored="0" total="3" passed="3" failed="0" skipped="0">
  <reporter-output>
  </reporter-output>
  <suite started-at="2026-05-28T22:39:22 IST" name="Suite" finished-at="2026-05-28T22:39:22 IST" duration-ms="333">
    <groups>
    </groups>
    <test started-at="2026-05-28T22:39:22 IST" name="Test" finished-at="2026-05-28T22:39:22 IST" duration-ms="333">
      <class name="testNGBasics.Loans">
        <test-method signature="HomeLoanLoginOnBrowser()[pri:0, instance:testNGBasics.Loans@2d7275fc]" started-at="2026-05-28T22:39:22 IST" name="HomeLoanLoginOnBrowser" finished-at="2026-05-28T22:39:22 IST" duration-ms="46" status="PASS">
          <reporter-output>
          </reporter-output>
        </test-method> <!-- HomeLoanLoginOnBrowser -->
        <test-method signature="HomeLoanLoginOnDesktop()[pri:0, instance:testNGBasics.Loans@2d7275fc]" started-at="2026-05-28T22:39:22 IST" name="HomeLoanLoginOnDesktop" finished-at="2026-05-28T22:39:22 IST" duration-ms="7" status="PASS">
          <reporter-output>
          </reporter-output>
        </test-method> <!-- HomeLoanLoginOnDesktop -->
        <test-method signature="HomeLoanLoginOnMobile()[pri:0, instance:testNGBasics.Loans@2d7275fc]" started-at="2026-05-28T22:39:22 IST" name="HomeLoanLoginOnMobile" finished-at="2026-05-28T22:39:22 IST" duration-ms="14" status="PASS">
          <reporter-output>
          </reporter-output>
        </test-method> <!-- HomeLoanLoginOnMobile -->
      </class> <!-- testNGBasics.Loans -->
    </test> <!-- Test -->
  </suite> <!-- Suite -->
</testng-results>
